{"numTotalTestSuites":58,"numPassedTestSuites":58,"numFailedTestSuites":0,"numPendingTestSuites":0,"numTotalTests":164,"numPassedTests":164,"numFailedTests":0,"numPendingTests":0,"numTodoTests":0,"snapshot":{"added":0,"failure":false,"filesAdded":0,"filesRemoved":0,"filesRemovedList":[],"filesUnmatched":0,"filesUpdated":0,"matched":0,"total":0,"unchecked":0,"uncheckedKeysByFile":[],"unmatched":0,"updated":0,"didUpdate":false},"startTime":1758393866164,"success":true,"testResults":[{"assertionResults":[{"ancestorTitles":["Config Module"],"fullName":"Config Module should export config object with required properties","status":"passed","title":"should export config object with required properties","duration":225.45941700000003,"failureMessages":[],"meta":{}},{"ancestorTitles":["Config Module"],"fullName":"Config Module should export dbConfig object","status":"passed","title":"should export dbConfig object","duration":0.1652919999999085,"failureMessages":[],"meta":{}}],"startTime":1758393870177,"endTime":1758393870402.4595,"status":"passed","message":"","name":"/Users/dad/WebstormProjects/banking-api-assessment/src/config/config.test.ts"},{"assertionResults":[{"ancestorTitles":["Database Connection"],"fullName":"Database Connection should create production client with minimal logging","status":"passed","title":"should create production client with minimal logging","duration":67.81504100000001,"failureMessages":[],"meta":{}},{"ancestorTitles":["Database Connection"],"fullName":"Database Connection should create test client with error logging only","status":"passed","title":"should create test client with error logging only","duration":4.221875000000011,"failureMessages":[],"meta":{}},{"ancestorTitles":["Database Connection"],"fullName":"Database Connection should create development client with full logging","status":"passed","title":"should create development client with full logging","duration":3.2186250000000314,"failureMessages":[],"meta":{}},{"ancestorTitles":["Database Connection"],"fullName":"Database Connection should reuse global instance in test environment","status":"passed","title":"should reuse global instance in test environment","duration":13.048625000000015,"failureMessages":[],"meta":{}},{"ancestorTitles":["Database Connection"],"fullName":"Database Connection should reuse global instance in development environment","status":"passed","title":"should reuse global instance in development environment","duration":8.122500000000002,"failureMessages":[],"meta":{}},{"ancestorTitles":["Database Connection"],"fullName":"Database Connection should disconnect database successfully","status":"passed","title":"should disconnect database successfully","duration":2.580665999999951,"failureMessages":[],"meta":{}},{"ancestorTitles":["Database Connection"],"fullName":"Database Connection should return true for successful health check","status":"passed","title":"should return true for successful health check","duration":4.417624999999987,"failureMessages":[],"meta":{}},{"ancestorTitles":["Database Connection"],"fullName":"Database Connection should return false for failed health check and log error","status":"passed","title":"should return false for failed health check and log error","duration":3.1361249999999927,"failureMessages":[],"meta":{}}],"startTime":1758393866391,"endTime":1758393866497.1362,"status":"passed","message":"","name":"/Users/dad/WebstormProjects/banking-api-assessment/src/db/connection.test.ts"},{"assertionResults":[{"ancestorTitles":["Health Plugin","GET /health"],"fullName":"Health Plugin GET /health should return basic health status","status":"passed","title":"should return basic health status","duration":468.3829999999999,"failureMessages":[],"meta":{}},{"ancestorTitles":["Health Plugin","GET /ready"],"fullName":"Health Plugin GET /ready should return ready status when all checks pass","status":"passed","title":"should return ready status when all checks pass","duration":425.47325,"failureMessages":[],"meta":{}},{"ancestorTitles":["Health Plugin","GET /ready"],"fullName":"Health Plugin GET /ready should return not ready when database check fails","status":"passed","title":"should return not ready when database check fails","duration":57.17000000000007,"failureMessages":[],"meta":{}},{"ancestorTitles":["Health Plugin","GET /ready"],"fullName":"Health Plugin GET /ready should return not ready when database check throws error","status":"passed","title":"should return not ready when database check throws error","duration":161.97695799999997,"failureMessages":[],"meta":{}},{"ancestorTitles":["Health Plugin","GET /ready"],"fullName":"Health Plugin GET /ready should return not ready when memory usage is too high","status":"passed","title":"should return not ready when memory usage is too high","duration":411.6587919999997,"failureMessages":[],"meta":{}},{"ancestorTitles":["Health Plugin","GET /ready"],"fullName":"Health Plugin GET /ready should return not ready when uptime is too low","status":"passed","title":"should return not ready when uptime is too low","duration":65.44637499999999,"failureMessages":[],"meta":{}}],"startTime":1758393866902,"endTime":1758393868492.4463,"status":"passed","message":"","name":"/Users/dad/WebstormProjects/banking-api-assessment/src/plugins/health.test.ts"},{"assertionResults":[{"ancestorTitles":["Account Lifecycle Integration Tests","Complete Account Lifecycle"],"fullName":"Account Lifecycle Integration Tests Complete Account Lifecycle should handle full account lifecycle: create → fund → transactions → cards → statements","status":"passed","title":"should handle full account lifecycle: create → fund → transactions → cards → statements","duration":1031.3235829999999,"failureMessages":[],"meta":{}},{"ancestorTitles":["Account Lifecycle Integration Tests","Complete Account Lifecycle"],"fullName":"Account Lifecycle Integration Tests Complete Account Lifecycle should handle multiple account types and their interactions","status":"passed","title":"should handle multiple account types and their interactions","duration":569.7635829999999,"failureMessages":[],"meta":{}},{"ancestorTitles":["Account Lifecycle Integration Tests","Complete Account Lifecycle"],"fullName":"Account Lifecycle Integration Tests Complete Account Lifecycle should maintain data consistency across complex operations","status":"passed","title":"should maintain data consistency across complex operations","duration":478.888375,"failureMessages":[],"meta":{}}],"startTime":1758393866915,"endTime":1758393868994.8884,"status":"passed","message":"","name":"/Users/dad/WebstormProjects/banking-api-assessment/tests/integration/account-lifecycle.test.ts"},{"assertionResults":[{"ancestorTitles":["Account Endpoints","POST /api/v1/accounts"],"fullName":"Account Endpoints POST /api/v1/accounts should create a new account for authenticated user","status":"passed","title":"should create a new account for authenticated user","duration":826.6826249999999,"failureMessages":[],"meta":{}},{"ancestorTitles":["Account Endpoints","POST /api/v1/accounts"],"fullName":"Account Endpoints POST /api/v1/accounts should create account with initial balance","status":"passed","title":"should create account with initial balance","duration":368.6530829999999,"failureMessages":[],"meta":{}},{"ancestorTitles":["Account Endpoints","POST /api/v1/accounts"],"fullName":"Account Endpoints POST /api/v1/accounts should return 401 without authentication","status":"passed","title":"should return 401 without authentication","duration":524.1001660000002,"failureMessages":[],"meta":{}},{"ancestorTitles":["Account Endpoints","POST /api/v1/accounts"],"fullName":"Account Endpoints POST /api/v1/accounts should validate required fields","status":"passed","title":"should validate required fields","duration":376.5637919999999,"failureMessages":[],"meta":{}},{"ancestorTitles":["Account Endpoints","POST /api/v1/accounts"],"fullName":"Account Endpoints POST /api/v1/accounts should validate account type","status":"passed","title":"should validate account type","duration":263.8935419999998,"failureMessages":[],"meta":{}},{"ancestorTitles":["Account Endpoints","GET /api/v1/accounts"],"fullName":"Account Endpoints GET /api/v1/accounts should list all user accounts","status":"passed","title":"should list all user accounts","duration":568.896542,"failureMessages":[],"meta":{}},{"ancestorTitles":["Account Endpoints","GET /api/v1/accounts"],"fullName":"Account Endpoints GET /api/v1/accounts should return empty array for user with no accounts","status":"passed","title":"should return empty array for user with no accounts","duration":432.70904199999995,"failureMessages":[],"meta":{}},{"ancestorTitles":["Account Endpoints","GET /api/v1/accounts"],"fullName":"Account Endpoints GET /api/v1/accounts should return 401 without authentication","status":"passed","title":"should return 401 without authentication","duration":310.2196670000003,"failureMessages":[],"meta":{}},{"ancestorTitles":["Account Endpoints","GET /api/v1/accounts/:id"],"fullName":"Account Endpoints GET /api/v1/accounts/:id should get account details by id","status":"passed","title":"should get account details by id","duration":311.83783399999993,"failureMessages":[],"meta":{}},{"ancestorTitles":["Account Endpoints","GET /api/v1/accounts/:id"],"fullName":"Account Endpoints GET /api/v1/accounts/:id should return 404 for non-existent account","status":"passed","title":"should return 404 for non-existent account","duration":276.2469579999997,"failureMessages":[],"meta":{}},{"ancestorTitles":["Account Endpoints","GET /api/v1/accounts/:id"],"fullName":"Account Endpoints GET /api/v1/accounts/:id should not allow access to other users accounts","status":"passed","title":"should not allow access to other users accounts","duration":495.32195799999954,"failureMessages":[],"meta":{}},{"ancestorTitles":["Account Endpoints","PATCH /api/v1/accounts/:id"],"fullName":"Account Endpoints PATCH /api/v1/accounts/:id should update account status to FROZEN","status":"passed","title":"should update account status to FROZEN","duration":263.8215,"failureMessages":[],"meta":{}},{"ancestorTitles":["Account Endpoints","PATCH /api/v1/accounts/:id"],"fullName":"Account Endpoints PATCH /api/v1/accounts/:id should update account status to INACTIVE","status":"passed","title":"should update account status to INACTIVE","duration":246.18533299999945,"failureMessages":[],"meta":{}},{"ancestorTitles":["Account Endpoints","PATCH /api/v1/accounts/:id"],"fullName":"Account Endpoints PATCH /api/v1/accounts/:id should not allow updating other users accounts","status":"passed","title":"should not allow updating other users accounts","duration":390.3023749999993,"failureMessages":[],"meta":{}},{"ancestorTitles":["Account Endpoints","GET /api/v1/accounts/:id/balance"],"fullName":"Account Endpoints GET /api/v1/accounts/:id/balance should get account balance","status":"passed","title":"should get account balance","duration":269.550209,"failureMessages":[],"meta":{}}],"startTime":1758393866910,"endTime":1758393872835.5503,"status":"passed","message":"","name":"/Users/dad/WebstormProjects/banking-api-assessment/src/modules/accounts/accounts.test.ts"},{"assertionResults":[{"ancestorTitles":["Auth Endpoints","POST /api/v1/auth/signup"],"fullName":"Auth Endpoints POST /api/v1/auth/signup should create a new user and return tokens","status":"passed","title":"should create a new user and return tokens","duration":816.698916,"failureMessages":[],"meta":{}},{"ancestorTitles":["Auth Endpoints","POST /api/v1/auth/signup"],"fullName":"Auth Endpoints POST /api/v1/auth/signup should return error for duplicate email","status":"passed","title":"should return error for duplicate email","duration":281.28875000000016,"failureMessages":[],"meta":{}},{"ancestorTitles":["Auth Endpoints","POST /api/v1/auth/signup"],"fullName":"Auth Endpoints POST /api/v1/auth/signup should return error for invalid password","status":"passed","title":"should return error for invalid password","duration":338.06829199999993,"failureMessages":[],"meta":{}},{"ancestorTitles":["Auth Endpoints","POST /api/v1/auth/login"],"fullName":"Auth Endpoints POST /api/v1/auth/login should login with valid credentials","status":"passed","title":"should login with valid credentials","duration":459.802917,"failureMessages":[],"meta":{}},{"ancestorTitles":["Auth Endpoints","POST /api/v1/auth/login"],"fullName":"Auth Endpoints POST /api/v1/auth/login should return error for invalid credentials","status":"passed","title":"should return error for invalid credentials","duration":156.40254200000027,"failureMessages":[],"meta":{}},{"ancestorTitles":["Auth Endpoints","POST /api/v1/auth/login"],"fullName":"Auth Endpoints POST /api/v1/auth/login should return error for invalid email format","status":"passed","title":"should return error for invalid email format","duration":77.39699999999993,"failureMessages":[],"meta":{}},{"ancestorTitles":["Auth Endpoints","POST /api/v1/auth/login"],"fullName":"Auth Endpoints POST /api/v1/auth/login should return error for missing password","status":"passed","title":"should return error for missing password","duration":58.88508299999967,"failureMessages":[],"meta":{}},{"ancestorTitles":["Auth Endpoints","POST /api/v1/auth/login"],"fullName":"Auth Endpoints POST /api/v1/auth/login should return error for wrong password with existing user","status":"passed","title":"should return error for wrong password with existing user","duration":498.94770800000015,"failureMessages":[],"meta":{}},{"ancestorTitles":["Auth Endpoints","POST /api/v1/auth/refresh"],"fullName":"Auth Endpoints POST /api/v1/auth/refresh should return error for missing refresh token","status":"passed","title":"should return error for missing refresh token","duration":68.10708400000021,"failureMessages":[],"meta":{}},{"ancestorTitles":["Auth Endpoints","POST /api/v1/auth/refresh"],"fullName":"Auth Endpoints POST /api/v1/auth/refresh should return error for invalid refresh token","status":"passed","title":"should return error for invalid refresh token","duration":205.2041250000002,"failureMessages":[],"meta":{}},{"ancestorTitles":["Auth Endpoints","Input Validation"],"fullName":"Auth Endpoints Input Validation should return error for missing firstName in signup","status":"passed","title":"should return error for missing firstName in signup","duration":112.70904199999995,"failureMessages":[],"meta":{}},{"ancestorTitles":["Auth Endpoints","Input Validation"],"fullName":"Auth Endpoints Input Validation should return error for missing email in signup","status":"passed","title":"should return error for missing email in signup","duration":46.9180409999999,"failureMessages":[],"meta":{}},{"ancestorTitles":["Auth Endpoints","Input Validation"],"fullName":"Auth Endpoints Input Validation should return error for empty payload","status":"passed","title":"should return error for empty payload","duration":47.72887499999979,"failureMessages":[],"meta":{}}],"startTime":1758393866907,"endTime":1758393870078.7288,"status":"passed","message":"","name":"/Users/dad/WebstormProjects/banking-api-assessment/src/modules/auth/auth.test.ts"},{"assertionResults":[{"ancestorTitles":["Cards Module","Card Issuance - POST /api/v1/accounts/:accountId/cards"],"fullName":"Cards Module Card Issuance - POST /api/v1/accounts/:accountId/cards should create a new card for active account with proper PCI compliance","status":"passed","title":"should create a new card for active account with proper PCI compliance","duration":997.0921249999999,"failureMessages":[],"meta":{}},{"ancestorTitles":["Cards Module","Card Issuance - POST /api/v1/accounts/:accountId/cards"],"fullName":"Cards Module Card Issuance - POST /api/v1/accounts/:accountId/cards should return 404 for non-existent account","status":"passed","title":"should return 404 for non-existent account","duration":554.689834,"failureMessages":[],"meta":{}},{"ancestorTitles":["Cards Module","Card Issuance - POST /api/v1/accounts/:accountId/cards"],"fullName":"Cards Module Card Issuance - POST /api/v1/accounts/:accountId/cards should return 404 when trying to create card for other users account","status":"passed","title":"should return 404 when trying to create card for other users account","duration":540.9654580000001,"failureMessages":[],"meta":{}},{"ancestorTitles":["Cards Module","Card Issuance - POST /api/v1/accounts/:accountId/cards"],"fullName":"Cards Module Card Issuance - POST /api/v1/accounts/:accountId/cards should enforce card limit per account (max 3 cards)","status":"passed","title":"should enforce card limit per account (max 3 cards)","duration":507.2410829999999,"failureMessages":[],"meta":{}},{"ancestorTitles":["Cards Module","Card Issuance - POST /api/v1/accounts/:accountId/cards"],"fullName":"Cards Module Card Issuance - POST /api/v1/accounts/:accountId/cards should require authentication","status":"passed","title":"should require authentication","duration":606.0785419999997,"failureMessages":[],"meta":{}},{"ancestorTitles":["Cards Module","Card Issuance - POST /api/v1/accounts/:accountId/cards"],"fullName":"Cards Module Card Issuance - POST /api/v1/accounts/:accountId/cards should create card with proper brand detection for Visa-like numbers","status":"passed","title":"should create card with proper brand detection for Visa-like numbers","duration":514.6853339999998,"failureMessages":[],"meta":{}},{"ancestorTitles":["Cards Module","List Account Cards - GET /api/v1/accounts/:accountId/cards"],"fullName":"Cards Module List Account Cards - GET /api/v1/accounts/:accountId/cards should list all cards for account with proper masking","status":"passed","title":"should list all cards for account with proper masking","duration":542.3041250000006,"failureMessages":[],"meta":{}},{"ancestorTitles":["Cards Module","List Account Cards - GET /api/v1/accounts/:accountId/cards"],"fullName":"Cards Module List Account Cards - GET /api/v1/accounts/:accountId/cards should support pagination","status":"passed","title":"should support pagination","duration":530.9974579999998,"failureMessages":[],"meta":{}},{"ancestorTitles":["Cards Module","List Account Cards - GET /api/v1/accounts/:accountId/cards"],"fullName":"Cards Module List Account Cards - GET /api/v1/accounts/:accountId/cards should filter by card status","status":"passed","title":"should filter by card status","duration":444.76366599999983,"failureMessages":[],"meta":{}},{"ancestorTitles":["Cards Module","List Account Cards - GET /api/v1/accounts/:accountId/cards"],"fullName":"Cards Module List Account Cards - GET /api/v1/accounts/:accountId/cards should return empty array for account with no cards","status":"passed","title":"should return empty array for account with no cards","duration":424.4350000000004,"failureMessages":[],"meta":{}},{"ancestorTitles":["Cards Module","List Account Cards - GET /api/v1/accounts/:accountId/cards"],"fullName":"Cards Module List Account Cards - GET /api/v1/accounts/:accountId/cards should return 404 for non-existent account","status":"passed","title":"should return 404 for non-existent account","duration":406.84941699999945,"failureMessages":[],"meta":{}},{"ancestorTitles":["Cards Module","List Account Cards - GET /api/v1/accounts/:accountId/cards"],"fullName":"Cards Module List Account Cards - GET /api/v1/accounts/:accountId/cards should not allow access to other users account cards","status":"passed","title":"should not allow access to other users account cards","duration":374.3780420000003,"failureMessages":[],"meta":{}},{"ancestorTitles":["Cards Module","Get Card Details - GET /api/v1/cards/:id"],"fullName":"Cards Module Get Card Details - GET /api/v1/cards/:id should get card details with proper masking","status":"passed","title":"should get card details with proper masking","duration":331.89400000000023,"failureMessages":[],"meta":{}},{"ancestorTitles":["Cards Module","Get Card Details - GET /api/v1/cards/:id"],"fullName":"Cards Module Get Card Details - GET /api/v1/cards/:id should return 404 for non-existent card","status":"passed","title":"should return 404 for non-existent card","duration":334.6029159999998,"failureMessages":[],"meta":{}},{"ancestorTitles":["Cards Module","Get Card Details - GET /api/v1/cards/:id"],"fullName":"Cards Module Get Card Details - GET /api/v1/cards/:id should not allow access to other users cards","status":"passed","title":"should not allow access to other users cards","duration":325.40500000000065,"failureMessages":[],"meta":{}},{"ancestorTitles":["Cards Module","Get Card Details - GET /api/v1/cards/:id"],"fullName":"Cards Module Get Card Details - GET /api/v1/cards/:id should require authentication","status":"passed","title":"should require authentication","duration":335.8754169999993,"failureMessages":[],"meta":{}},{"ancestorTitles":["Cards Module","Update Card Status - PATCH /api/v1/cards/:id"],"fullName":"Cards Module Update Card Status - PATCH /api/v1/cards/:id should update card status to INACTIVE","status":"passed","title":"should update card status to INACTIVE","duration":348.7535420000004,"failureMessages":[],"meta":{}},{"ancestorTitles":["Cards Module","Update Card Status - PATCH /api/v1/cards/:id"],"fullName":"Cards Module Update Card Status - PATCH /api/v1/cards/:id should update card status to BLOCKED","status":"passed","title":"should update card status to BLOCKED","duration":348.1431670000002,"failureMessages":[],"meta":{}},{"ancestorTitles":["Cards Module","Update Card Status - PATCH /api/v1/cards/:id"],"fullName":"Cards Module Update Card Status - PATCH /api/v1/cards/:id should reactivate card from INACTIVE to ACTIVE","status":"passed","title":"should reactivate card from INACTIVE to ACTIVE","duration":358.67675000000054,"failureMessages":[],"meta":{}},{"ancestorTitles":["Cards Module","Update Card Status - PATCH /api/v1/cards/:id"],"fullName":"Cards Module Update Card Status - PATCH /api/v1/cards/:id should reject invalid status values","status":"passed","title":"should reject invalid status values","duration":384.2363749999986,"failureMessages":[],"meta":{}},{"ancestorTitles":["Cards Module","Update Card Status - PATCH /api/v1/cards/:id"],"fullName":"Cards Module Update Card Status - PATCH /api/v1/cards/:id should return 404 when trying to update other users card","status":"passed","title":"should return 404 when trying to update other users card","duration":376.959832999999,"failureMessages":[],"meta":{}},{"ancestorTitles":["Cards Module","Update Card Status - PATCH /api/v1/cards/:id"],"fullName":"Cards Module Update Card Status - PATCH /api/v1/cards/:id should return 404 for non-existent card","status":"passed","title":"should return 404 for non-existent card","duration":375.8748340000002,"failureMessages":[],"meta":{}},{"ancestorTitles":["Cards Module","Update Card Status - PATCH /api/v1/cards/:id"],"fullName":"Cards Module Update Card Status - PATCH /api/v1/cards/:id should reject updates to expired cards","status":"passed","title":"should reject updates to expired cards","duration":380.3245420000003,"failureMessages":[],"meta":{}},{"ancestorTitles":["Cards Module","Update Card Status - PATCH /api/v1/cards/:id"],"fullName":"Cards Module Update Card Status - PATCH /api/v1/cards/:id should require authentication","status":"passed","title":"should require authentication","duration":312.9737089999999,"failureMessages":[],"meta":{}},{"ancestorTitles":["Cards Module","Authorization and Security Tests"],"fullName":"Cards Module Authorization and Security Tests should enforce proper authorization on all card endpoints","status":"passed","title":"should enforce proper authorization on all card endpoints","duration":300.9850000000006,"failureMessages":[],"meta":{}},{"ancestorTitles":["Cards Module","Authorization and Security Tests"],"fullName":"Cards Module Authorization and Security Tests should never expose raw PAN in any response","status":"passed","title":"should never expose raw PAN in any response","duration":270.9066669999993,"failureMessages":[],"meta":{}},{"ancestorTitles":["Cards Module","Authorization and Security Tests"],"fullName":"Cards Module Authorization and Security Tests should maintain consistent masking format across all endpoints","status":"passed","title":"should maintain consistent masking format across all endpoints","duration":244.89766699999927,"failureMessages":[],"meta":{}},{"ancestorTitles":["Cards Module","Edge Cases and Error Handling"],"fullName":"Cards Module Edge Cases and Error Handling should handle inactive account for card creation","status":"passed","title":"should handle inactive account for card creation","duration":209.63112499999988,"failureMessages":[],"meta":{}},{"ancestorTitles":["Cards Module","Edge Cases and Error Handling"],"fullName":"Cards Module Edge Cases and Error Handling should validate query parameters for listing cards","status":"passed","title":"should validate query parameters for listing cards","duration":188.82800000000134,"failureMessages":[],"meta":{}},{"ancestorTitles":["Cards Module","Edge Cases and Error Handling"],"fullName":"Cards Module Edge Cases and Error Handling should handle malformed card ID in requests","status":"passed","title":"should handle malformed card ID in requests","duration":186.92533299999923,"failureMessages":[],"meta":{}},{"ancestorTitles":["Cards Module","Edge Cases and Error Handling"],"fullName":"Cards Module Edge Cases and Error Handling should enforce card limit only for non-expired cards","status":"passed","title":"should enforce card limit only for non-expired cards","duration":197.14904099999876,"failureMessages":[],"meta":{}},{"ancestorTitles":["Cards Module","Edge Cases and Error Handling"],"fullName":"Cards Module Edge Cases and Error Handling should generate unique card numbers for multiple cards","status":"passed","title":"should generate unique card numbers for multiple cards","duration":192.4048329999987,"failureMessages":[],"meta":{}},{"ancestorTitles":["Cards Module","Edge Cases and Error Handling"],"fullName":"Cards Module Edge Cases and Error Handling should handle concurrent card creation requests properly","status":"passed","title":"should handle concurrent card creation requests properly","duration":201.57958300000064,"failureMessages":[],"meta":{}},{"ancestorTitles":["Cards Module","Business Logic Validation"],"fullName":"Cards Module Business Logic Validation should set proper expiry date for new cards (3 years from now)","status":"passed","title":"should set proper expiry date for new cards (3 years from now)","duration":193.06754100000035,"failureMessages":[],"meta":{}},{"ancestorTitles":["Cards Module","Business Logic Validation"],"fullName":"Cards Module Business Logic Validation should assign correct brand based on card number prefix","status":"passed","title":"should assign correct brand based on card number prefix","duration":191.23412500000086,"failureMessages":[],"meta":{}},{"ancestorTitles":["Cards Module","Business Logic Validation"],"fullName":"Cards Module Business Logic Validation should include account information in card responses","status":"passed","title":"should include account information in card responses","duration":185.25616600000103,"failureMessages":[],"meta":{}}],"startTime":1758393866919,"endTime":1758393880141.256,"status":"passed","message":"","name":"/Users/dad/WebstormProjects/banking-api-assessment/src/modules/cards/cards.test.ts"},{"assertionResults":[{"ancestorTitles":["Statements Module","POST /api/v1/accounts/:accountId/statements/generate"],"fullName":"Statements Module POST /api/v1/accounts/:accountId/statements/generate should generate a statement for account with transactions","status":"passed","title":"should generate a statement for account with transactions","duration":941.8442500000001,"failureMessages":[],"meta":{}},{"ancestorTitles":["Statements Module","POST /api/v1/accounts/:accountId/statements/generate"],"fullName":"Statements Module POST /api/v1/accounts/:accountId/statements/generate should generate a statement for account with no transactions","status":"passed","title":"should generate a statement for account with no transactions","duration":558.588833,"failureMessages":[],"meta":{}},{"ancestorTitles":["Statements Module","POST /api/v1/accounts/:accountId/statements/generate"],"fullName":"Statements Module POST /api/v1/accounts/:accountId/statements/generate should return existing statement if one already exists for the same period","status":"passed","title":"should return existing statement if one already exists for the same period","duration":524.6345420000002,"failureMessages":[],"meta":{}},{"ancestorTitles":["Statements Module","POST /api/v1/accounts/:accountId/statements/generate"],"fullName":"Statements Module POST /api/v1/accounts/:accountId/statements/generate should reject invalid date ranges","status":"passed","title":"should reject invalid date ranges","duration":474.6323339999999,"failureMessages":[],"meta":{}},{"ancestorTitles":["Statements Module","POST /api/v1/accounts/:accountId/statements/generate"],"fullName":"Statements Module POST /api/v1/accounts/:accountId/statements/generate should reject period longer than 365 days","status":"passed","title":"should reject period longer than 365 days","duration":477.631042,"failureMessages":[],"meta":{}},{"ancestorTitles":["Statements Module","POST /api/v1/accounts/:accountId/statements/generate"],"fullName":"Statements Module POST /api/v1/accounts/:accountId/statements/generate should reject access to another user's account","status":"passed","title":"should reject access to another user's account","duration":453.89945899999975,"failureMessages":[],"meta":{}},{"ancestorTitles":["Statements Module","POST /api/v1/accounts/:accountId/statements/generate"],"fullName":"Statements Module POST /api/v1/accounts/:accountId/statements/generate should reject invalid request format","status":"passed","title":"should reject invalid request format","duration":506.6675410000007,"failureMessages":[],"meta":{}},{"ancestorTitles":["Statements Module","POST /api/v1/accounts/:accountId/statements/generate"],"fullName":"Statements Module POST /api/v1/accounts/:accountId/statements/generate should require authentication","status":"passed","title":"should require authentication","duration":443.54249999999956,"failureMessages":[],"meta":{}},{"ancestorTitles":["Statements Module","POST /api/v1/accounts/:accountId/statements/generate"],"fullName":"Statements Module POST /api/v1/accounts/:accountId/statements/generate should generate statement with correct filename format","status":"passed","title":"should generate statement with correct filename format","duration":453.6843749999998,"failureMessages":[],"meta":{}},{"ancestorTitles":["Statements Module","GET /api/v1/statements/:id"],"fullName":"Statements Module GET /api/v1/statements/:id should retrieve statement by ID","status":"passed","title":"should retrieve statement by ID","duration":386.24616700000024,"failureMessages":[],"meta":{}},{"ancestorTitles":["Statements Module","GET /api/v1/statements/:id"],"fullName":"Statements Module GET /api/v1/statements/:id should reject access to another user's statement","status":"passed","title":"should reject access to another user's statement","duration":384.0007910000004,"failureMessages":[],"meta":{}},{"ancestorTitles":["Statements Module","GET /api/v1/statements/:id"],"fullName":"Statements Module GET /api/v1/statements/:id should return 404 for non-existent statement","status":"passed","title":"should return 404 for non-existent statement","duration":398.8342499999999,"failureMessages":[],"meta":{}},{"ancestorTitles":["Statements Module","GET /api/v1/statements/:id"],"fullName":"Statements Module GET /api/v1/statements/:id should require authentication","status":"passed","title":"should require authentication","duration":311.4812919999995,"failureMessages":[],"meta":{}},{"ancestorTitles":["Statements Module","GET /api/v1/accounts/:accountId/statements"],"fullName":"Statements Module GET /api/v1/accounts/:accountId/statements should list account statements with default pagination","status":"passed","title":"should list account statements with default pagination","duration":365.4094159999995,"failureMessages":[],"meta":{}},{"ancestorTitles":["Statements Module","GET /api/v1/accounts/:accountId/statements"],"fullName":"Statements Module GET /api/v1/accounts/:accountId/statements should support custom pagination parameters","status":"passed","title":"should support custom pagination parameters","duration":365.9387079999997,"failureMessages":[],"meta":{}},{"ancestorTitles":["Statements Module","GET /api/v1/accounts/:accountId/statements"],"fullName":"Statements Module GET /api/v1/accounts/:accountId/statements should filter statements by year","status":"passed","title":"should filter statements by year","duration":332.48112499999934,"failureMessages":[],"meta":{}},{"ancestorTitles":["Statements Module","GET /api/v1/accounts/:accountId/statements"],"fullName":"Statements Module GET /api/v1/accounts/:accountId/statements should return empty list for year with no statements","status":"passed","title":"should return empty list for year with no statements","duration":341.3655830000007,"failureMessages":[],"meta":{}},{"ancestorTitles":["Statements Module","GET /api/v1/accounts/:accountId/statements"],"fullName":"Statements Module GET /api/v1/accounts/:accountId/statements should reject access to another user's account statements","status":"passed","title":"should reject access to another user's account statements","duration":348.731749999999,"failureMessages":[],"meta":{}},{"ancestorTitles":["Statements Module","GET /api/v1/accounts/:accountId/statements"],"fullName":"Statements Module GET /api/v1/accounts/:accountId/statements should return statements ordered by creation date (newest first)","status":"passed","title":"should return statements ordered by creation date (newest first)","duration":344.9624169999988,"failureMessages":[],"meta":{}},{"ancestorTitles":["Statements Module","GET /api/v1/accounts/:accountId/statements"],"fullName":"Statements Module GET /api/v1/accounts/:accountId/statements should include account information in statement list","status":"passed","title":"should include account information in statement list","duration":362.82295799999883,"failureMessages":[],"meta":{}},{"ancestorTitles":["Statements Module","GET /api/v1/accounts/:accountId/statements"],"fullName":"Statements Module GET /api/v1/accounts/:accountId/statements should handle invalid query parameters","status":"passed","title":"should handle invalid query parameters","duration":368.71216599999934,"failureMessages":[],"meta":{}},{"ancestorTitles":["Statements Module","GET /api/v1/accounts/:accountId/statements"],"fullName":"Statements Module GET /api/v1/accounts/:accountId/statements should require authentication","status":"passed","title":"should require authentication","duration":376.54145900000003,"failureMessages":[],"meta":{}},{"ancestorTitles":["Statements Module","Statement Content Validation"],"fullName":"Statements Module Statement Content Validation should generate statement with correct transaction inclusion and balance calculations","status":"passed","title":"should generate statement with correct transaction inclusion and balance calculations","duration":368.0247080000008,"failureMessages":[],"meta":{}},{"ancestorTitles":["Statements Module","Statement Content Validation"],"fullName":"Statements Module Statement Content Validation should handle statement generation for specific date ranges","status":"passed","title":"should handle statement generation for specific date ranges","duration":369.3383329999997,"failureMessages":[],"meta":{}},{"ancestorTitles":["Statements Module","Error Handling and Edge Cases"],"fullName":"Statements Module Error Handling and Edge Cases should handle non-existent account gracefully","status":"passed","title":"should handle non-existent account gracefully","duration":297.3392500000009,"failureMessages":[],"meta":{}},{"ancestorTitles":["Statements Module","Error Handling and Edge Cases"],"fullName":"Statements Module Error Handling and Edge Cases should handle frozen/inactive accounts","status":"passed","title":"should handle frozen/inactive accounts","duration":263.2907500000001,"failureMessages":[],"meta":{}},{"ancestorTitles":["Statements Module","Error Handling and Edge Cases"],"fullName":"Statements Module Error Handling and Edge Cases should handle concurrent statement generation requests","status":"passed","title":"should handle concurrent statement generation requests","duration":248.95633400000042,"failureMessages":[],"meta":{}},{"ancestorTitles":["Statements Module","Error Handling and Edge Cases"],"fullName":"Statements Module Error Handling and Edge Cases should validate format parameter","status":"passed","title":"should validate format parameter","duration":191.7557080000006,"failureMessages":[],"meta":{}},{"ancestorTitles":["Statements Module","Error Handling and Edge Cases"],"fullName":"Statements Module Error Handling and Edge Cases should handle missing required fields","status":"passed","title":"should handle missing required fields","duration":201.9567079999997,"failureMessages":[],"meta":{}}],"startTime":1758393866934,"endTime":1758393878397.9568,"status":"passed","message":"","name":"/Users/dad/WebstormProjects/banking-api-assessment/src/modules/statements/statements.test.ts"},{"assertionResults":[{"ancestorTitles":["Transaction Endpoints","GET /api/v1/transactions/:id"],"fullName":"Transaction Endpoints GET /api/v1/transactions/:id should get transaction details by ID","status":"passed","title":"should get transaction details by ID","duration":1033.356917,"failureMessages":[],"meta":{}},{"ancestorTitles":["Transaction Endpoints","GET /api/v1/transactions/:id"],"fullName":"Transaction Endpoints GET /api/v1/transactions/:id should return 404 for non-existent transaction","status":"passed","title":"should return 404 for non-existent transaction","duration":530.8025420000001,"failureMessages":[],"meta":{}},{"ancestorTitles":["Transaction Endpoints","GET /api/v1/transactions/:id"],"fullName":"Transaction Endpoints GET /api/v1/transactions/:id should not allow access to other users transactions","status":"passed","title":"should not allow access to other users transactions","duration":529.9312500000001,"failureMessages":[],"meta":{}},{"ancestorTitles":["Transaction Endpoints","GET /api/v1/transactions/:id"],"fullName":"Transaction Endpoints GET /api/v1/transactions/:id should return 401 without authentication","status":"passed","title":"should return 401 without authentication","duration":488.260166,"failureMessages":[],"meta":{}},{"ancestorTitles":["Transaction Endpoints","GET /api/v1/accounts/:accountId/transactions"],"fullName":"Transaction Endpoints GET /api/v1/accounts/:accountId/transactions should get account transactions with default pagination","status":"passed","title":"should get account transactions with default pagination","duration":599.0322499999997,"failureMessages":[],"meta":{}},{"ancestorTitles":["Transaction Endpoints","GET /api/v1/accounts/:accountId/transactions"],"fullName":"Transaction Endpoints GET /api/v1/accounts/:accountId/transactions should apply pagination with limit","status":"passed","title":"should apply pagination with limit","duration":501.98054200000024,"failureMessages":[],"meta":{}},{"ancestorTitles":["Transaction Endpoints","GET /api/v1/accounts/:accountId/transactions"],"fullName":"Transaction Endpoints GET /api/v1/accounts/:accountId/transactions should filter transactions by type","status":"passed","title":"should filter transactions by type","duration":489.43012499999986,"failureMessages":[],"meta":{}},{"ancestorTitles":["Transaction Endpoints","GET /api/v1/accounts/:accountId/transactions"],"fullName":"Transaction Endpoints GET /api/v1/accounts/:accountId/transactions should filter transactions by date range","status":"passed","title":"should filter transactions by date range","duration":540.5810000000001,"failureMessages":[],"meta":{}},{"ancestorTitles":["Transaction Endpoints","GET /api/v1/accounts/:accountId/transactions"],"fullName":"Transaction Endpoints GET /api/v1/accounts/:accountId/transactions should search transactions by description","status":"passed","title":"should search transactions by description","duration":479.3615,"failureMessages":[],"meta":{}},{"ancestorTitles":["Transaction Endpoints","GET /api/v1/accounts/:accountId/transactions"],"fullName":"Transaction Endpoints GET /api/v1/accounts/:accountId/transactions should return transactions in descending order by createdAt","status":"passed","title":"should return transactions in descending order by createdAt","duration":467.8904169999996,"failureMessages":[],"meta":{}},{"ancestorTitles":["Transaction Endpoints","GET /api/v1/accounts/:accountId/transactions"],"fullName":"Transaction Endpoints GET /api/v1/accounts/:accountId/transactions should return 404 for non-existent account","status":"passed","title":"should return 404 for non-existent account","duration":418.92962499999976,"failureMessages":[],"meta":{}},{"ancestorTitles":["Transaction Endpoints","GET /api/v1/accounts/:accountId/transactions"],"fullName":"Transaction Endpoints GET /api/v1/accounts/:accountId/transactions should not allow access to other users account transactions","status":"passed","title":"should not allow access to other users account transactions","duration":354.6252080000004,"failureMessages":[],"meta":{}},{"ancestorTitles":["Transaction Endpoints","GET /api/v1/accounts/:accountId/transactions"],"fullName":"Transaction Endpoints GET /api/v1/accounts/:accountId/transactions should return empty array for account with no transactions","status":"passed","title":"should return empty array for account with no transactions","duration":342.24120800000037,"failureMessages":[],"meta":{}},{"ancestorTitles":["Transaction Endpoints","GET /api/v1/accounts/:accountId/transactions"],"fullName":"Transaction Endpoints GET /api/v1/accounts/:accountId/transactions should validate query parameters","status":"passed","title":"should validate query parameters","duration":336.652959,"failureMessages":[],"meta":{}},{"ancestorTitles":["Transaction Endpoints","GET /api/v1/accounts/:accountId/transactions/summary"],"fullName":"Transaction Endpoints GET /api/v1/accounts/:accountId/transactions/summary should get transaction summary with default 30-day period","status":"passed","title":"should get transaction summary with default 30-day period","duration":341.56495800000084,"failureMessages":[],"meta":{}},{"ancestorTitles":["Transaction Endpoints","GET /api/v1/accounts/:accountId/transactions/summary"],"fullName":"Transaction Endpoints GET /api/v1/accounts/:accountId/transactions/summary should get transaction summary for custom period","status":"passed","title":"should get transaction summary for custom period","duration":353.9191670000009,"failureMessages":[],"meta":{}},{"ancestorTitles":["Transaction Endpoints","GET /api/v1/accounts/:accountId/transactions/summary"],"fullName":"Transaction Endpoints GET /api/v1/accounts/:accountId/transactions/summary should calculate summary metrics correctly","status":"passed","title":"should calculate summary metrics correctly","duration":354.4137920000012,"failureMessages":[],"meta":{}},{"ancestorTitles":["Transaction Endpoints","GET /api/v1/accounts/:accountId/transactions/summary"],"fullName":"Transaction Endpoints GET /api/v1/accounts/:accountId/transactions/summary should return zero values for account with no transactions in period","status":"passed","title":"should return zero values for account with no transactions in period","duration":338.6089170000014,"failureMessages":[],"meta":{}},{"ancestorTitles":["Transaction Endpoints","GET /api/v1/accounts/:accountId/transactions/summary"],"fullName":"Transaction Endpoints GET /api/v1/accounts/:accountId/transactions/summary should return 404 for non-existent account","status":"passed","title":"should return 404 for non-existent account","duration":347.99616699999933,"failureMessages":[],"meta":{}},{"ancestorTitles":["Transaction Endpoints","GET /api/v1/accounts/:accountId/transactions/summary"],"fullName":"Transaction Endpoints GET /api/v1/accounts/:accountId/transactions/summary should not allow access to other users account summary","status":"passed","title":"should not allow access to other users account summary","duration":375.5007089999999,"failureMessages":[],"meta":{}},{"ancestorTitles":["Transaction Endpoints","GET /api/v1/accounts/:accountId/transactions/summary"],"fullName":"Transaction Endpoints GET /api/v1/accounts/:accountId/transactions/summary should validate days parameter","status":"passed","title":"should validate days parameter","duration":410.6451250000009,"failureMessages":[],"meta":{}},{"ancestorTitles":["Transaction Endpoints","Authorization and Security"],"fullName":"Transaction Endpoints Authorization and Security should require authentication for all transaction endpoints","status":"passed","title":"should require authentication for all transaction endpoints","duration":369.84250000000065,"failureMessages":[],"meta":{}},{"ancestorTitles":["Transaction Endpoints","Authorization and Security"],"fullName":"Transaction Endpoints Authorization and Security should validate JWT token format","status":"passed","title":"should validate JWT token format","duration":362.1227920000001,"failureMessages":[],"meta":{}},{"ancestorTitles":["Transaction Endpoints","Data Format and Structure"],"fullName":"Transaction Endpoints Data Format and Structure should return properly formatted transaction data","status":"passed","title":"should return properly formatted transaction data","duration":297.4106670000001,"failureMessages":[],"meta":{}},{"ancestorTitles":["Transaction Endpoints","Data Format and Structure"],"fullName":"Transaction Endpoints Data Format and Structure should handle decimal precision correctly","status":"passed","title":"should handle decimal precision correctly","duration":291.0262079999993,"failureMessages":[],"meta":{}}],"startTime":1758393866913,"endTime":1758393877870.0261,"status":"passed","message":"","name":"/Users/dad/WebstormProjects/banking-api-assessment/src/modules/transactions/transactions.test.ts"},{"assertionResults":[{"ancestorTitles":["Transfers Module","POST /api/v1/transfers"],"fullName":"Transfers Module POST /api/v1/transfers should create a successful transfer between accounts","status":"passed","title":"should create a successful transfer between accounts","duration":940.6253750000001,"failureMessages":[],"meta":{}},{"ancestorTitles":["Transfers Module","POST /api/v1/transfers"],"fullName":"Transfers Module POST /api/v1/transfers should handle idempotency key correctly for duplicate requests","status":"passed","title":"should handle idempotency key correctly for duplicate requests","duration":576.1534170000002,"failureMessages":[],"meta":{}},{"ancestorTitles":["Transfers Module","POST /api/v1/transfers"],"fullName":"Transfers Module POST /api/v1/transfers should reject transfer with insufficient funds","status":"passed","title":"should reject transfer with insufficient funds","duration":535.545709,"failureMessages":[],"meta":{}},{"ancestorTitles":["Transfers Module","POST /api/v1/transfers"],"fullName":"Transfers Module POST /api/v1/transfers should reject transfer from non-existent account","status":"passed","title":"should reject transfer from non-existent account","duration":452.0207499999997,"failureMessages":[],"meta":{}},{"ancestorTitles":["Transfers Module","POST /api/v1/transfers"],"fullName":"Transfers Module POST /api/v1/transfers should reject transfer to non-existent account","status":"passed","title":"should reject transfer to non-existent account","duration":518.4196670000001,"failureMessages":[],"meta":{}},{"ancestorTitles":["Transfers Module","POST /api/v1/transfers"],"fullName":"Transfers Module POST /api/v1/transfers should reject transfer from account not owned by user","status":"passed","title":"should reject transfer from account not owned by user","duration":427.8497500000003,"failureMessages":[],"meta":{}},{"ancestorTitles":["Transfers Module","POST /api/v1/transfers"],"fullName":"Transfers Module POST /api/v1/transfers should reject transfer from frozen account","status":"passed","title":"should reject transfer from frozen account","duration":403.15329100000054,"failureMessages":[],"meta":{}},{"ancestorTitles":["Transfers Module","POST /api/v1/transfers"],"fullName":"Transfers Module POST /api/v1/transfers should reject transfer to same account","status":"passed","title":"should reject transfer to same account","duration":387.3376669999998,"failureMessages":[],"meta":{}},{"ancestorTitles":["Transfers Module","POST /api/v1/transfers"],"fullName":"Transfers Module POST /api/v1/transfers should reject transfer with currency mismatch","status":"passed","title":"should reject transfer with currency mismatch","duration":453.236167,"failureMessages":[],"meta":{}},{"ancestorTitles":["Transfers Module","POST /api/v1/transfers"],"fullName":"Transfers Module POST /api/v1/transfers should reject transfer without authentication","status":"passed","title":"should reject transfer without authentication","duration":375.47170800000004,"failureMessages":[],"meta":{}},{"ancestorTitles":["Transfers Module","POST /api/v1/transfers"],"fullName":"Transfers Module POST /api/v1/transfers should validate transfer amount is positive","status":"passed","title":"should validate transfer amount is positive","duration":426.1322919999993,"failureMessages":[],"meta":{}},{"ancestorTitles":["Transfers Module","POST /api/v1/transfers"],"fullName":"Transfers Module POST /api/v1/transfers should validate required fields","status":"passed","title":"should validate required fields","duration":359.30633300000045,"failureMessages":[],"meta":{}},{"ancestorTitles":["Transfers Module","GET /api/v1/transfers/:id"],"fullName":"Transfers Module GET /api/v1/transfers/:id should get transfer details for account owner","status":"passed","title":"should get transfer details for account owner","duration":363.61712499999976,"failureMessages":[],"meta":{}},{"ancestorTitles":["Transfers Module","GET /api/v1/transfers/:id"],"fullName":"Transfers Module GET /api/v1/transfers/:id should reject access from unauthorized user","status":"passed","title":"should reject access from unauthorized user","duration":330.18995899999936,"failureMessages":[],"meta":{}},{"ancestorTitles":["Transfers Module","GET /api/v1/transfers/:id"],"fullName":"Transfers Module GET /api/v1/transfers/:id should return 404 for non-existent transfer","status":"passed","title":"should return 404 for non-existent transfer","duration":321.41541700000016,"failureMessages":[],"meta":{}},{"ancestorTitles":["Transfers Module","GET /api/v1/transfers"],"fullName":"Transfers Module GET /api/v1/transfers should list transfers for authenticated user","status":"passed","title":"should list transfers for authenticated user","duration":416.2633329999999,"failureMessages":[],"meta":{}},{"ancestorTitles":["Transfers Module","GET /api/v1/transfers"],"fullName":"Transfers Module GET /api/v1/transfers should filter transfers by direction","status":"passed","title":"should filter transfers by direction","duration":423.2877499999995,"failureMessages":[],"meta":{}},{"ancestorTitles":["Transfers Module","GET /api/v1/transfers"],"fullName":"Transfers Module GET /api/v1/transfers should filter transfers by status","status":"passed","title":"should filter transfers by status","duration":379.1999169999999,"failureMessages":[],"meta":{}},{"ancestorTitles":["Transfers Module","GET /api/v1/transfers"],"fullName":"Transfers Module GET /api/v1/transfers should handle pagination","status":"passed","title":"should handle pagination","duration":361.6012090000004,"failureMessages":[],"meta":{}},{"ancestorTitles":["Transfers Module","PATCH /api/v1/transfers/:id/cancel"],"fullName":"Transfers Module PATCH /api/v1/transfers/:id/cancel should cancel pending transfer","status":"passed","title":"should cancel pending transfer","duration":345.51958399999967,"failureMessages":[],"meta":{}},{"ancestorTitles":["Transfers Module","PATCH /api/v1/transfers/:id/cancel"],"fullName":"Transfers Module PATCH /api/v1/transfers/:id/cancel should reject cancellation by non-owner","status":"passed","title":"should reject cancellation by non-owner","duration":356.78441699999894,"failureMessages":[],"meta":{}},{"ancestorTitles":["Transfers Module","PATCH /api/v1/transfers/:id/cancel"],"fullName":"Transfers Module PATCH /api/v1/transfers/:id/cancel should reject cancellation of completed transfer","status":"passed","title":"should reject cancellation of completed transfer","duration":401.7729589999999,"failureMessages":[],"meta":{}},{"ancestorTitles":["Transfers Module","Atomic Transaction Handling"],"fullName":"Transfers Module Atomic Transaction Handling should maintain consistency if transfer fails","status":"passed","title":"should maintain consistency if transfer fails","duration":349.7330000000002,"failureMessages":[],"meta":{}},{"ancestorTitles":["Transfers Module","Atomic Transaction Handling"],"fullName":"Transfers Module Atomic Transaction Handling should create both debit and credit transactions atomically","status":"passed","title":"should create both debit and credit transactions atomically","duration":379.8914160000004,"failureMessages":[],"meta":{}}],"startTime":1758393866934,"endTime":1758393877219.8914,"status":"passed","message":"","name":"/Users/dad/WebstormProjects/banking-api-assessment/src/modules/transfers/transfers.test.ts"},{"assertionResults":[{"ancestorTitles":["Users Endpoints","GET /api/v1/users/me"],"fullName":"Users Endpoints GET /api/v1/users/me should return current user profile","status":"passed","title":"should return current user profile","duration":3246.060209,"failureMessages":[],"meta":{}},{"ancestorTitles":["Users Endpoints","GET /api/v1/users/me"],"fullName":"Users Endpoints GET /api/v1/users/me should return 401 without auth token","status":"passed","title":"should return 401 without auth token","duration":285.7093340000001,"failureMessages":[],"meta":{}},{"ancestorTitles":["Users Endpoints","PATCH /api/v1/users/me"],"fullName":"Users Endpoints PATCH /api/v1/users/me should update user profile","status":"passed","title":"should update user profile","duration":292.63287500000024,"failureMessages":[],"meta":{}}],"startTime":1758393867727,"endTime":1758393871551.6328,"status":"passed","message":"","name":"/Users/dad/WebstormProjects/banking-api-assessment/src/modules/users/users.test.ts"}]}